GowinSynthesis start
Running parser ...
Analyzing Verilog file 'C:\Users\hamed\OneDrive\Documents\GitHub\fpga_project_Cortex-M\src\gowin_empu_m1\gowin_empu_m1.v'
Compiling module 'Gowin_EMPU_M1_Top'("C:\Users\hamed\OneDrive\Documents\GitHub\fpga_project_Cortex-M\src\gowin_empu_m1\gowin_empu_m1.v":39550)
Compiling module '**'("C:\Users\hamed\OneDrive\Documents\GitHub\fpga_project_Cortex-M\src\gowin_empu_m1\gowin_empu_m1.v":0)
Compiling module '**'("C:\Users\hamed\OneDrive\Documents\GitHub\fpga_project_Cortex-M\src\gowin_empu_m1\gowin_empu_m1.v":0)
Compiling module '**'("C:\Users\hamed\OneDrive\Documents\GitHub\fpga_project_Cortex-M\src\gowin_empu_m1\gowin_empu_m1.v":0)
Compiling module '**'("C:\Users\hamed\OneDrive\Documents\GitHub\fpga_project_Cortex-M\src\gowin_empu_m1\gowin_empu_m1.v":0)
Compiling module '**'("C:\Users\hamed\OneDrive\Documents\GitHub\fpga_project_Cortex-M\src\gowin_empu_m1\gowin_empu_m1.v":0)
Compiling module '**'("C:\Users\hamed\OneDrive\Documents\GitHub\fpga_project_Cortex-M\src\gowin_empu_m1\gowin_empu_m1.v":0)
Compiling module '**'("C:\Users\hamed\OneDrive\Documents\GitHub\fpga_project_Cortex-M\src\gowin_empu_m1\gowin_empu_m1.v":0)
Compiling module '**'("C:\Users\hamed\OneDrive\Documents\GitHub\fpga_project_Cortex-M\src\gowin_empu_m1\gowin_empu_m1.v":0)
Compiling module '**'("C:\Users\hamed\OneDrive\Documents\GitHub\fpga_project_Cortex-M\src\gowin_empu_m1\gowin_empu_m1.v":0)
Compiling module '**'("C:\Users\hamed\OneDrive\Documents\GitHub\fpga_project_Cortex-M\src\gowin_empu_m1\gowin_empu_m1.v":0)
Compiling module '**'("C:\Users\hamed\OneDrive\Documents\GitHub\fpga_project_Cortex-M\src\gowin_empu_m1\gowin_empu_m1.v":0)
Compiling module '**'("C:\Users\hamed\OneDrive\Documents\GitHub\fpga_project_Cortex-M\src\gowin_empu_m1\gowin_empu_m1.v":0)
Compiling module '**'("C:\Users\hamed\OneDrive\Documents\GitHub\fpga_project_Cortex-M\src\gowin_empu_m1\gowin_empu_m1.v":0)
Compiling module '**'("C:\Users\hamed\OneDrive\Documents\GitHub\fpga_project_Cortex-M\src\gowin_empu_m1\gowin_empu_m1.v":0)
Compiling module '**'("C:\Users\hamed\OneDrive\Documents\GitHub\fpga_project_Cortex-M\src\gowin_empu_m1\gowin_empu_m1.v":0)
Compiling module '**'("C:\Users\hamed\OneDrive\Documents\GitHub\fpga_project_Cortex-M\src\gowin_empu_m1\gowin_empu_m1.v":0)
Compiling module '**'("C:\Users\hamed\OneDrive\Documents\GitHub\fpga_project_Cortex-M\src\gowin_empu_m1\gowin_empu_m1.v":0)
Compiling module '**'("C:\Users\hamed\OneDrive\Documents\GitHub\fpga_project_Cortex-M\src\gowin_empu_m1\gowin_empu_m1.v":0)
Compiling module '**'("C:\Users\hamed\OneDrive\Documents\GitHub\fpga_project_Cortex-M\src\gowin_empu_m1\gowin_empu_m1.v":0)
Compiling module '**'("C:\Users\hamed\OneDrive\Documents\GitHub\fpga_project_Cortex-M\src\gowin_empu_m1\gowin_empu_m1.v":0)
Compiling module '**'("C:\Users\hamed\OneDrive\Documents\GitHub\fpga_project_Cortex-M\src\gowin_empu_m1\gowin_empu_m1.v":0)
Compiling module '**'("C:\Users\hamed\OneDrive\Documents\GitHub\fpga_project_Cortex-M\src\gowin_empu_m1\gowin_empu_m1.v":0)
Compiling module '**'("C:\Users\hamed\OneDrive\Documents\GitHub\fpga_project_Cortex-M\src\gowin_empu_m1\gowin_empu_m1.v":0)
Compiling module '**'("C:\Users\hamed\OneDrive\Documents\GitHub\fpga_project_Cortex-M\src\gowin_empu_m1\gowin_empu_m1.v":0)
Compiling module '**'("C:\Users\hamed\OneDrive\Documents\GitHub\fpga_project_Cortex-M\src\gowin_empu_m1\gowin_empu_m1.v":0)
Compiling module '**'("C:\Users\hamed\OneDrive\Documents\GitHub\fpga_project_Cortex-M\src\gowin_empu_m1\gowin_empu_m1.v":0)
Compiling module '**'("C:\Users\hamed\OneDrive\Documents\GitHub\fpga_project_Cortex-M\src\gowin_empu_m1\gowin_empu_m1.v":0)
Compiling module '**'("C:\Users\hamed\OneDrive\Documents\GitHub\fpga_project_Cortex-M\src\gowin_empu_m1\gowin_empu_m1.v":0)
Compiling module '**'("C:\Users\hamed\OneDrive\Documents\GitHub\fpga_project_Cortex-M\src\gowin_empu_m1\gowin_empu_m1.v":0)
Compiling module '**'("C:\Users\hamed\OneDrive\Documents\GitHub\fpga_project_Cortex-M\src\gowin_empu_m1\gowin_empu_m1.v":0)
Compiling module '**'("C:\Users\hamed\OneDrive\Documents\GitHub\fpga_project_Cortex-M\src\gowin_empu_m1\gowin_empu_m1.v":0)
Compiling module '**'("C:\Users\hamed\OneDrive\Documents\GitHub\fpga_project_Cortex-M\src\gowin_empu_m1\gowin_empu_m1.v":0)
Compiling module '**'("C:\Users\hamed\OneDrive\Documents\GitHub\fpga_project_Cortex-M\src\gowin_empu_m1\gowin_empu_m1.v":0)
Compiling module '**'("C:\Users\hamed\OneDrive\Documents\GitHub\fpga_project_Cortex-M\src\gowin_empu_m1\gowin_empu_m1.v":0)
Compiling module '**'("C:\Users\hamed\OneDrive\Documents\GitHub\fpga_project_Cortex-M\src\gowin_empu_m1\gowin_empu_m1.v":0)
Compiling module '**'("C:\Users\hamed\OneDrive\Documents\GitHub\fpga_project_Cortex-M\src\gowin_empu_m1\gowin_empu_m1.v":0)
Compiling module '**'("C:\Users\hamed\OneDrive\Documents\GitHub\fpga_project_Cortex-M\src\gowin_empu_m1\gowin_empu_m1.v":0)
Compiling module '**'("C:\Users\hamed\OneDrive\Documents\GitHub\fpga_project_Cortex-M\src\gowin_empu_m1\gowin_empu_m1.v":0)
Compiling module '**'("C:\Users\hamed\OneDrive\Documents\GitHub\fpga_project_Cortex-M\src\gowin_empu_m1\gowin_empu_m1.v":0)
Compiling module '**'("C:\Users\hamed\OneDrive\Documents\GitHub\fpga_project_Cortex-M\src\gowin_empu_m1\gowin_empu_m1.v":0)
Compiling module '**'("C:\Users\hamed\OneDrive\Documents\GitHub\fpga_project_Cortex-M\src\gowin_empu_m1\gowin_empu_m1.v":0)
Compiling module '**'("C:\Users\hamed\OneDrive\Documents\GitHub\fpga_project_Cortex-M\src\gowin_empu_m1\gowin_empu_m1.v":0)
Compiling module '**'("C:\Users\hamed\OneDrive\Documents\GitHub\fpga_project_Cortex-M\src\gowin_empu_m1\gowin_empu_m1.v":0)
Compiling module '**'("C:\Users\hamed\OneDrive\Documents\GitHub\fpga_project_Cortex-M\src\gowin_empu_m1\gowin_empu_m1.v":0)
Compiling module '**'("C:\Users\hamed\OneDrive\Documents\GitHub\fpga_project_Cortex-M\src\gowin_empu_m1\gowin_empu_m1.v":0)
Compiling module '**'("C:\Users\hamed\OneDrive\Documents\GitHub\fpga_project_Cortex-M\src\gowin_empu_m1\gowin_empu_m1.v":0)
Compiling module '**'("C:\Users\hamed\OneDrive\Documents\GitHub\fpga_project_Cortex-M\src\gowin_empu_m1\gowin_empu_m1.v":0)
Compiling module '**'("C:\Users\hamed\OneDrive\Documents\GitHub\fpga_project_Cortex-M\src\gowin_empu_m1\gowin_empu_m1.v":0)
Compiling module '**'("C:\Users\hamed\OneDrive\Documents\GitHub\fpga_project_Cortex-M\src\gowin_empu_m1\gowin_empu_m1.v":0)
Compiling module '**'("C:\Users\hamed\OneDrive\Documents\GitHub\fpga_project_Cortex-M\src\gowin_empu_m1\gowin_empu_m1.v":0)
Compiling module '**'("C:\Users\hamed\OneDrive\Documents\GitHub\fpga_project_Cortex-M\src\gowin_empu_m1\gowin_empu_m1.v":0)
Compiling module '**'("C:\Users\hamed\OneDrive\Documents\GitHub\fpga_project_Cortex-M\src\gowin_empu_m1\gowin_empu_m1.v":0)
Compiling module '**'("C:\Users\hamed\OneDrive\Documents\GitHub\fpga_project_Cortex-M\src\gowin_empu_m1\gowin_empu_m1.v":0)
Compiling module '**'("C:\Users\hamed\OneDrive\Documents\GitHub\fpga_project_Cortex-M\src\gowin_empu_m1\gowin_empu_m1.v":0)
Compiling module '**'("C:\Users\hamed\OneDrive\Documents\GitHub\fpga_project_Cortex-M\src\gowin_empu_m1\gowin_empu_m1.v":0)
Compiling module '**'("C:\Users\hamed\OneDrive\Documents\GitHub\fpga_project_Cortex-M\src\gowin_empu_m1\gowin_empu_m1.v":0)
Compiling module '**'("C:\Users\hamed\OneDrive\Documents\GitHub\fpga_project_Cortex-M\src\gowin_empu_m1\gowin_empu_m1.v":0)
Compiling module '**'("C:\Users\hamed\OneDrive\Documents\GitHub\fpga_project_Cortex-M\src\gowin_empu_m1\gowin_empu_m1.v":0)
Compiling module '**'("C:\Users\hamed\OneDrive\Documents\GitHub\fpga_project_Cortex-M\src\gowin_empu_m1\gowin_empu_m1.v":0)
Compiling module '**'("C:\Users\hamed\OneDrive\Documents\GitHub\fpga_project_Cortex-M\src\gowin_empu_m1\gowin_empu_m1.v":0)
Compiling module '**'("C:\Users\hamed\OneDrive\Documents\GitHub\fpga_project_Cortex-M\src\gowin_empu_m1\gowin_empu_m1.v":0)
Compiling module '**'("C:\Users\hamed\OneDrive\Documents\GitHub\fpga_project_Cortex-M\src\gowin_empu_m1\gowin_empu_m1.v":0)
Compiling module '**'("C:\Users\hamed\OneDrive\Documents\GitHub\fpga_project_Cortex-M\src\gowin_empu_m1\gowin_empu_m1.v":0)
Compiling module '**'("C:\Users\hamed\OneDrive\Documents\GitHub\fpga_project_Cortex-M\src\gowin_empu_m1\gowin_empu_m1.v":0)
Compiling module '**'("C:\Users\hamed\OneDrive\Documents\GitHub\fpga_project_Cortex-M\src\gowin_empu_m1\gowin_empu_m1.v":0)
Compiling module '**'("C:\Users\hamed\OneDrive\Documents\GitHub\fpga_project_Cortex-M\src\gowin_empu_m1\gowin_empu_m1.v":0)
Compiling module '**'("C:\Users\hamed\OneDrive\Documents\GitHub\fpga_project_Cortex-M\src\gowin_empu_m1\gowin_empu_m1.v":0)
Compiling module '**'("C:\Users\hamed\OneDrive\Documents\GitHub\fpga_project_Cortex-M\src\gowin_empu_m1\gowin_empu_m1.v":0)
Compiling module '**'("C:\Users\hamed\OneDrive\Documents\GitHub\fpga_project_Cortex-M\src\gowin_empu_m1\gowin_empu_m1.v":0)
Compiling module '**'("C:\Users\hamed\OneDrive\Documents\GitHub\fpga_project_Cortex-M\src\gowin_empu_m1\gowin_empu_m1.v":0)
Compiling module '**'("C:\Users\hamed\OneDrive\Documents\GitHub\fpga_project_Cortex-M\src\gowin_empu_m1\gowin_empu_m1.v":0)
Compiling module '**'("C:\Users\hamed\OneDrive\Documents\GitHub\fpga_project_Cortex-M\src\gowin_empu_m1\gowin_empu_m1.v":0)
Compiling module '**'("C:\Users\hamed\OneDrive\Documents\GitHub\fpga_project_Cortex-M\src\gowin_empu_m1\gowin_empu_m1.v":0)
Compiling module '**'("C:\Users\hamed\OneDrive\Documents\GitHub\fpga_project_Cortex-M\src\gowin_empu_m1\gowin_empu_m1.v":0)
Compiling module '**'("C:\Users\hamed\OneDrive\Documents\GitHub\fpga_project_Cortex-M\src\gowin_empu_m1\gowin_empu_m1.v":0)
Compiling module '**'("C:\Users\hamed\OneDrive\Documents\GitHub\fpga_project_Cortex-M\src\gowin_empu_m1\gowin_empu_m1.v":0)
Compiling module '**'("C:\Users\hamed\OneDrive\Documents\GitHub\fpga_project_Cortex-M\src\gowin_empu_m1\gowin_empu_m1.v":0)
Compiling module '**'("C:\Users\hamed\OneDrive\Documents\GitHub\fpga_project_Cortex-M\src\gowin_empu_m1\gowin_empu_m1.v":0)
Compiling module '**'("C:\Users\hamed\OneDrive\Documents\GitHub\fpga_project_Cortex-M\src\gowin_empu_m1\gowin_empu_m1.v":0)
Compiling module '**'("C:\Users\hamed\OneDrive\Documents\GitHub\fpga_project_Cortex-M\src\gowin_empu_m1\gowin_empu_m1.v":0)
Compiling module '**'("C:\Users\hamed\OneDrive\Documents\GitHub\fpga_project_Cortex-M\src\gowin_empu_m1\gowin_empu_m1.v":0)
Compiling module '**'("C:\Users\hamed\OneDrive\Documents\GitHub\fpga_project_Cortex-M\src\gowin_empu_m1\gowin_empu_m1.v":0)
Compiling module '**'("C:\Users\hamed\OneDrive\Documents\GitHub\fpga_project_Cortex-M\src\gowin_empu_m1\gowin_empu_m1.v":0)
Compiling module '**'("C:\Users\hamed\OneDrive\Documents\GitHub\fpga_project_Cortex-M\src\gowin_empu_m1\gowin_empu_m1.v":0)
Compiling module '**'("C:\Users\hamed\OneDrive\Documents\GitHub\fpga_project_Cortex-M\src\gowin_empu_m1\gowin_empu_m1.v":0)
Compiling module '**'("C:\Users\hamed\OneDrive\Documents\GitHub\fpga_project_Cortex-M\src\gowin_empu_m1\gowin_empu_m1.v":0)
Compiling module '**'("C:\Users\hamed\OneDrive\Documents\GitHub\fpga_project_Cortex-M\src\gowin_empu_m1\gowin_empu_m1.v":0)
Compiling module '**'("C:\Users\hamed\OneDrive\Documents\GitHub\fpga_project_Cortex-M\src\gowin_empu_m1\gowin_empu_m1.v":0)
Compiling module '**'("C:\Users\hamed\OneDrive\Documents\GitHub\fpga_project_Cortex-M\src\gowin_empu_m1\gowin_empu_m1.v":0)
Compiling module '**'("C:\Users\hamed\OneDrive\Documents\GitHub\fpga_project_Cortex-M\src\gowin_empu_m1\gowin_empu_m1.v":0)
Compiling module '**'("C:\Users\hamed\OneDrive\Documents\GitHub\fpga_project_Cortex-M\src\gowin_empu_m1\gowin_empu_m1.v":0)
Compiling module '**'("C:\Users\hamed\OneDrive\Documents\GitHub\fpga_project_Cortex-M\src\gowin_empu_m1\gowin_empu_m1.v":0)
Compiling module '**'("C:\Users\hamed\OneDrive\Documents\GitHub\fpga_project_Cortex-M\src\gowin_empu_m1\gowin_empu_m1.v":0)
Compiling module '**'("C:\Users\hamed\OneDrive\Documents\GitHub\fpga_project_Cortex-M\src\gowin_empu_m1\gowin_empu_m1.v":0)
Compiling module '**'("C:\Users\hamed\OneDrive\Documents\GitHub\fpga_project_Cortex-M\src\gowin_empu_m1\gowin_empu_m1.v":0)
Compiling module '**'("C:\Users\hamed\OneDrive\Documents\GitHub\fpga_project_Cortex-M\src\gowin_empu_m1\gowin_empu_m1.v":0)
Compiling module '**'("C:\Users\hamed\OneDrive\Documents\GitHub\fpga_project_Cortex-M\src\gowin_empu_m1\gowin_empu_m1.v":0)
Compiling module '**'("C:\Users\hamed\OneDrive\Documents\GitHub\fpga_project_Cortex-M\src\gowin_empu_m1\gowin_empu_m1.v":0)
Compiling module '**'("C:\Users\hamed\OneDrive\Documents\GitHub\fpga_project_Cortex-M\src\gowin_empu_m1\gowin_empu_m1.v":0)
Compiling module '**'("C:\Users\hamed\OneDrive\Documents\GitHub\fpga_project_Cortex-M\src\gowin_empu_m1\gowin_empu_m1.v":0)
Compiling module '**'("C:\Users\hamed\OneDrive\Documents\GitHub\fpga_project_Cortex-M\src\gowin_empu_m1\gowin_empu_m1.v":0)
Compiling module '**'("C:\Users\hamed\OneDrive\Documents\GitHub\fpga_project_Cortex-M\src\gowin_empu_m1\gowin_empu_m1.v":0)
Compiling module '**'("C:\Users\hamed\OneDrive\Documents\GitHub\fpga_project_Cortex-M\src\gowin_empu_m1\gowin_empu_m1.v":0)
Compiling module '**'("C:\Users\hamed\OneDrive\Documents\GitHub\fpga_project_Cortex-M\src\gowin_empu_m1\gowin_empu_m1.v":0)
Compiling module '**'("C:\Users\hamed\OneDrive\Documents\GitHub\fpga_project_Cortex-M\src\gowin_empu_m1\gowin_empu_m1.v":0)
Compiling module '**'("C:\Users\hamed\OneDrive\Documents\GitHub\fpga_project_Cortex-M\src\gowin_empu_m1\gowin_empu_m1.v":0)
Compiling module '**'("C:\Users\hamed\OneDrive\Documents\GitHub\fpga_project_Cortex-M\src\gowin_empu_m1\gowin_empu_m1.v":0)
Compiling module '**'("C:\Users\hamed\OneDrive\Documents\GitHub\fpga_project_Cortex-M\src\gowin_empu_m1\gowin_empu_m1.v":0)
Compiling module '**'("C:\Users\hamed\OneDrive\Documents\GitHub\fpga_project_Cortex-M\src\gowin_empu_m1\gowin_empu_m1.v":0)
Compiling module '**'("C:\Users\hamed\OneDrive\Documents\GitHub\fpga_project_Cortex-M\src\gowin_empu_m1\gowin_empu_m1.v":0)
Compiling module '**'("C:\Users\hamed\OneDrive\Documents\GitHub\fpga_project_Cortex-M\src\gowin_empu_m1\gowin_empu_m1.v":0)
Compiling module '**'("C:\Users\hamed\OneDrive\Documents\GitHub\fpga_project_Cortex-M\src\gowin_empu_m1\gowin_empu_m1.v":0)
Compiling module '**'("C:\Users\hamed\OneDrive\Documents\GitHub\fpga_project_Cortex-M\src\gowin_empu_m1\gowin_empu_m1.v":0)
Compiling module '**'("C:\Users\hamed\OneDrive\Documents\GitHub\fpga_project_Cortex-M\src\gowin_empu_m1\gowin_empu_m1.v":0)
Compiling module '**'("C:\Users\hamed\OneDrive\Documents\GitHub\fpga_project_Cortex-M\src\gowin_empu_m1\gowin_empu_m1.v":0)
Compiling module '**'("C:\Users\hamed\OneDrive\Documents\GitHub\fpga_project_Cortex-M\src\gowin_empu_m1\gowin_empu_m1.v":0)
Compiling module '**'("C:\Users\hamed\OneDrive\Documents\GitHub\fpga_project_Cortex-M\src\gowin_empu_m1\gowin_empu_m1.v":0)
Compiling module '**'("C:\Users\hamed\OneDrive\Documents\GitHub\fpga_project_Cortex-M\src\gowin_empu_m1\gowin_empu_m1.v":0)
Compiling module '**'("C:\Users\hamed\OneDrive\Documents\GitHub\fpga_project_Cortex-M\src\gowin_empu_m1\gowin_empu_m1.v":0)
Compiling module '**'("C:\Users\hamed\OneDrive\Documents\GitHub\fpga_project_Cortex-M\src\gowin_empu_m1\gowin_empu_m1.v":0)
Compiling module '**'("C:\Users\hamed\OneDrive\Documents\GitHub\fpga_project_Cortex-M\src\gowin_empu_m1\gowin_empu_m1.v":0)
Compiling module '**'("C:\Users\hamed\OneDrive\Documents\GitHub\fpga_project_Cortex-M\src\gowin_empu_m1\gowin_empu_m1.v":0)
Compiling module '**'("C:\Users\hamed\OneDrive\Documents\GitHub\fpga_project_Cortex-M\src\gowin_empu_m1\gowin_empu_m1.v":0)
Compiling module '**'("C:\Users\hamed\OneDrive\Documents\GitHub\fpga_project_Cortex-M\src\gowin_empu_m1\gowin_empu_m1.v":0)
Compiling module '**'("C:\Users\hamed\OneDrive\Documents\GitHub\fpga_project_Cortex-M\src\gowin_empu_m1\gowin_empu_m1.v":0)
Compiling module '**'("C:\Users\hamed\OneDrive\Documents\GitHub\fpga_project_Cortex-M\src\gowin_empu_m1\gowin_empu_m1.v":0)
Compiling module '**'("C:\Users\hamed\OneDrive\Documents\GitHub\fpga_project_Cortex-M\src\gowin_empu_m1\gowin_empu_m1.v":0)
Compiling module '**'("C:\Users\hamed\OneDrive\Documents\GitHub\fpga_project_Cortex-M\src\gowin_empu_m1\gowin_empu_m1.v":0)
Compiling module '**'("C:\Users\hamed\OneDrive\Documents\GitHub\fpga_project_Cortex-M\src\gowin_empu_m1\gowin_empu_m1.v":0)
Compiling module '**'("C:\Users\hamed\OneDrive\Documents\GitHub\fpga_project_Cortex-M\src\gowin_empu_m1\gowin_empu_m1.v":0)
Compiling module '**'("C:\Users\hamed\OneDrive\Documents\GitHub\fpga_project_Cortex-M\src\gowin_empu_m1\gowin_empu_m1.v":0)
NOTE  (EX0101) : Current top module is "Gowin_EMPU_M1_Top"
[5%] Running netlist conversion ...
Running device independent optimization ...
[10%] Optimizing Phase 0 completed
[15%] Optimizing Phase 1 completed
[25%] Optimizing Phase 2 completed
Running inference ...
[30%] Inferring Phase 0 completed
[40%] Inferring Phase 1 completed
[50%] Inferring Phase 2 completed
[55%] Inferring Phase 3 completed
Running technical mapping ...
[60%] Tech-Mapping Phase 0 completed
[65%] Tech-Mapping Phase 1 completed
[75%] Tech-Mapping Phase 2 completed
[80%] Tech-Mapping Phase 3 completed
[90%] Tech-Mapping Phase 4 completed
[95%] Generate netlist file "C:\Users\hamed\OneDrive\Documents\GitHub\fpga_project_Cortex-M\impl\gwsynthesis\fpga_project_Cortex-M.vg" completed
[100%] Generate report file "C:\Users\hamed\OneDrive\Documents\GitHub\fpga_project_Cortex-M\impl\gwsynthesis\fpga_project_Cortex-M_syn.rpt.html" completed
GowinSynthesis finish
